<?xml version="1.0" encoding="UTF-8" ?>
<testsuite tests="3" failures="0" name="fr.orsys.grapheur.tests.StringUtilitaireTest" time="0" errors="0" skipped="0">
  <properties>
    <property name="java.runtime.name" value="Java(TM) SE Runtime Environment"/>
    <property name="sun.boot.library.path" value="C:\plateforme-freemind\jdk1.8.0_131\jre\bin"/>
    <property name="java.vm.version" value="25.131-b11"/>
    <property name="java.vm.vendor" value="Oracle Corporation"/>
    <property name="maven.multiModuleProjectDirectory" value="C:\plateforme-freemind\workspace\Grapheur"/>
    <property name="java.vendor.url" value="http://java.oracle.com/"/>
    <property name="path.separator" value=";"/>
    <property name="guice.disable.misplaced.annotation.check" value="true"/>
    <property name="java.vm.name" value="Java HotSpot(TM) Client VM"/>
    <property name="file.encoding.pkg" value="sun.io"/>
    <property name="user.script" value=""/>
    <property name="user.country" value="FR"/>
    <property name="sun.java.launcher" value="SUN_STANDARD"/>
    <property name="sun.os.patch.level" value=""/>
    <property name="java.vm.specification.name" value="Java Virtual Machine Specification"/>
    <property name="user.dir" value="C:\plateforme-freemind\workspace\Grapheur"/>
    <property name="java.runtime.version" value="1.8.0_131-b11"/>
    <property name="java.awt.graphicsenv" value="sun.awt.Win32GraphicsEnvironment"/>
    <property name="java.endorsed.dirs" value="C:\plateforme-freemind\jdk1.8.0_131\jre\lib\endorsed"/>
    <property name="os.arch" value="x86"/>
    <property name="java.io.tmpdir" value="C:\Users\orsys\AppData\Local\Temp\"/>
    <property name="line.separator" value="
"/>
    <property name="java.vm.specification.vendor" value="Oracle Corporation"/>
    <property name="user.variant" value=""/>
    <property name="os.name" value="Windows 10"/>
    <property name="classworlds.conf" value="C:\plateforme-freemind\workspace\.metadata\.plugins\org.eclipse.m2e.launching\launches\m2conf6695253792143992929.tmp"/>
    <property name="sun.jnu.encoding" value="Cp1252"/>
    <property name="java.library.path" value="C:\plateforme-freemind\jdk1.8.0_131\bin;C:\WINDOWS\Sun\Java\bin;C:\WINDOWS\system32;C:\WINDOWS;C:/Program Files/Java/jre1.8.0_152/bin/server;C:/Program Files/Java/jre1.8.0_152/bin;C:/Program Files/Java/jre1.8.0_152/lib/amd64;C:\anaconda3-5.2.0;C:\anaconda3-5.2.0\Library\mingw-w64\bin;C:\anaconda3-5.2.0\Library\usr\bin;C:\anaconda3-5.2.0\Library\bin;C:\anaconda3-5.2.0\Scripts;C:\Program Files\Docker\Docker\Resources\bin;C:\opt\Python36-32\Scripts\;C:\opt\Python36-32\;C:\WINDOWS\system32;C:\WINDOWS;C:\WINDOWS\System32\Wbem;C:\WINDOWS\System32\WindowsPowerShell\v1.0\;C:\opt\apache-ant-1.9.10\bin;C:\opt\nodejs\;C:\opt\nodejs\node_modules\npm;C:\Program Files\Git\cmd;C:\opt\Ruby25-x64\bin;C:\Program Files\GitHubDesktop\bin;C:\Program Files\atom\bin;C:\Program Files (x86)\Bitvise SSH Client;C:\opt\glassfish5\bin;C:\Program Files\jEdit;C:\opt\apache-jmeter-4.0\bin;C:\Program Files\Microsoft SQL Server\130\Tools\Binn\;C:\opt\play-java-starter-example\sbt-dist\bin;C:\Program Files\PuTTY\;C:\Program Files (x86)\Rational\common;C:\opt\apache-maven-3.5.3\bin;C:\Program Files\Microsoft VS Code\bin;C:\Program Files\TortoiseSVN\bin;C:\Program Files\Java\jdk1.8.0_152\bin;C:\opt\MinGW\bin;C:\WINDOWS\System32\OpenSSH\;C:\Users\orsys\AppData\Local\Microsoft\WindowsApps;;%USERPROFILE%\AppData\Local\Microsoft\WindowsApps;C:\plateforme-freemind\eclipse;;."/>
    <property name="java.specification.name" value="Java Platform API Specification"/>
    <property name="java.class.version" value="52.0"/>
    <property name="sun.management.compiler" value="HotSpot Client Compiler"/>
    <property name="os.version" value="10.0"/>
    <property name="library.jansi.path" value="C:\plateforme-freemind\maven\apache-maven-3.5.0\lib\jansi-native\windows32"/>
    <property name="user.home" value="C:\Users\orsys"/>
    <property name="user.timezone" value="GMT+01:00"/>
    <property name="java.awt.printerjob" value="sun.awt.windows.WPrinterJob"/>
    <property name="java.specification.version" value="1.8"/>
    <property name="file.encoding" value="Cp1252"/>
    <property name="user.name" value="orsys"/>
    <property name="java.class.path" value="C:\plateforme-freemind\maven\apache-maven-3.5.0\boot\plexus-classworlds-2.5.2.jar"/>
    <property name="java.vm.specification.version" value="1.8"/>
    <property name="sun.arch.data.model" value="32"/>
    <property name="java.home" value="C:\plateforme-freemind\jdk1.8.0_131\jre"/>
    <property name="sun.java.command" value="org.codehaus.plexus.classworlds.launcher.Launcher -B -s C:\plateforme-freemind\maven\apache-maven-3.5.0\conf\settings.xml test"/>
    <property name="java.specification.vendor" value="Oracle Corporation"/>
    <property name="user.language" value="fr"/>
    <property name="awt.toolkit" value="sun.awt.windows.WToolkit"/>
    <property name="java.vm.info" value="mixed mode"/>
    <property name="java.version" value="1.8.0_131"/>
    <property name="java.ext.dirs" value="C:\plateforme-freemind\jdk1.8.0_131\jre\lib\ext;C:\WINDOWS\Sun\Java\lib\ext"/>
    <property name="sun.boot.class.path" value="C:\plateforme-freemind\jdk1.8.0_131\jre\lib\resources.jar;C:\plateforme-freemind\jdk1.8.0_131\jre\lib\rt.jar;C:\plateforme-freemind\jdk1.8.0_131\jre\lib\sunrsasign.jar;C:\plateforme-freemind\jdk1.8.0_131\jre\lib\jsse.jar;C:\plateforme-freemind\jdk1.8.0_131\jre\lib\jce.jar;C:\plateforme-freemind\jdk1.8.0_131\jre\lib\charsets.jar;C:\plateforme-freemind\jdk1.8.0_131\jre\lib\jfr.jar;C:\plateforme-freemind\jdk1.8.0_131\jre\classes"/>
    <property name="java.vendor" value="Oracle Corporation"/>
    <property name="maven.home" value="C:\plateforme-freemind\maven\apache-maven-3.5.0"/>
    <property name="file.separator" value="\"/>
    <property name="java.vendor.url.bug" value="http://bugreport.sun.com/bugreport/"/>
    <property name="sun.cpu.endian" value="little"/>
    <property name="sun.io.unicode.encoding" value="UnicodeLittle"/>
    <property name="sun.desktop" value="windows"/>
    <property name="sun.cpu.isalist" value="pentium_pro+mmx pentium_pro pentium+mmx pentium i486 i386 i86"/>
  </properties>
  <testcase classname="fr.orsys.grapheur.tests.StringUtilitaireTest" name="toutMajuscule" time="0"/>
  <testcase classname="fr.orsys.grapheur.tests.StringUtilitaireTest" name="toutMinuscule" time="0"/>
  <testcase classname="fr.orsys.grapheur.tests.StringUtilitaireTest" name="premierCaracterePasLettre" time="0"/>
</testsuite>